c:\users\cimba\onedrive\documents\c---bitboard-chess-engine\chessengine\x64\debug\vc143.pdb
c:\users\cimba\onedrive\documents\c---bitboard-chess-engine\chessengine\x64\debug\vc143.idb
c:\users\cimba\onedrive\documents\c---bitboard-chess-engine\chessengine\x64\debug\zobrist.obj
c:\users\cimba\onedrive\documents\c---bitboard-chess-engine\chessengine\x64\debug\util.obj
c:\users\cimba\onedrive\documents\c---bitboard-chess-engine\chessengine\x64\debug\uci.obj
c:\users\cimba\onedrive\documents\c---bitboard-chess-engine\chessengine\x64\debug\transtable.obj
c:\users\cimba\onedrive\documents\c---bitboard-chess-engine\chessengine\x64\debug\thread.obj
c:\users\cimba\onedrive\documents\c---bitboard-chess-engine\chessengine\x64\debug\search.obj
c:\users\cimba\onedrive\documents\c---bitboard-chess-engine\chessengine\x64\debug\position.obj
c:\users\cimba\onedrive\documents\c---bitboard-chess-engine\chessengine\x64\debug\perft.obj
c:\users\cimba\onedrive\documents\c---bitboard-chess-engine\chessengine\x64\debug\pawns.obj
c:\users\cimba\onedrive\documents\c---bitboard-chess-engine\chessengine\x64\debug\tbindex.obj
c:\users\cimba\onedrive\documents\c---bitboard-chess-engine\chessengine\x64\debug\movelegalitytesting.obj
c:\users\cimba\onedrive\documents\c---bitboard-chess-engine\chessengine\x64\debug\movegen.obj
c:\users\cimba\onedrive\documents\c---bitboard-chess-engine\chessengine\x64\debug\main.obj
c:\users\cimba\onedrive\documents\c---bitboard-chess-engine\chessengine\x64\debug\eval.obj
c:\users\cimba\onedrive\documents\c---bitboard-chess-engine\chessengine\x64\debug\endgame.obj
c:\users\cimba\onedrive\documents\c---bitboard-chess-engine\chessengine\x64\debug\countermove.obj
c:\users\cimba\onedrive\documents\c---bitboard-chess-engine\chessengine\x64\debug\bitboard.obj
c:\users\cimba\onedrive\documents\c---bitboard-chess-engine\chessengine\x64\debug\chessengine.ilk
c:\users\cimba\onedrive\documents\c---bitboard-chess-engine\chessengine\x64\debug\chessengine.exe
c:\users\cimba\onedrive\documents\c---bitboard-chess-engine\chessengine\x64\debug\chessengine.pdb
c:\users\cimba\onedrive\documents\c---bitboard-chess-engine\chessengine\x64\debug\chessengine.tlog\cl.command.1.tlog
c:\users\cimba\onedrive\documents\c---bitboard-chess-engine\chessengine\x64\debug\chessengine.tlog\cl.read.1.tlog
c:\users\cimba\onedrive\documents\c---bitboard-chess-engine\chessengine\x64\debug\chessengine.tlog\cl.write.1.tlog
c:\users\cimba\onedrive\documents\c---bitboard-chess-engine\chessengine\x64\debug\chessengine.tlog\link.command.1.tlog
c:\users\cimba\onedrive\documents\c---bitboard-chess-engine\chessengine\x64\debug\chessengine.tlog\link.read.1.tlog
c:\users\cimba\onedrive\documents\c---bitboard-chess-engine\chessengine\x64\debug\chessengine.tlog\link.write.1.tlog
